c:\users\ponni\source\repos\e_cpp_practice\cli\cli_project\clr_console_app\x64\debug\clr_console_app.pch
c:\users\ponni\source\repos\e_cpp_practice\cli\cli_project\clr_console_app\x64\debug\vc143.pdb
c:\users\ponni\source\repos\e_cpp_practice\cli\cli_project\clr_console_app\x64\debug\pch.obj
c:\users\ponni\source\repos\e_cpp_practice\cli\cli_project\clr_console_app\x64\debug\clr_console_app.obj
c:\users\ponni\source\repos\e_cpp_practice\cli\cli_project\clr_console_app\x64\debug\assemblyinfo.obj
c:\users\ponni\source\repos\e_cpp_practice\cli\cli_project\clr_console_app\x64\debug\.netframework,version=v4.7.2.assemblyattributes.obj
c:\users\ponni\source\repos\e_cpp_practice\cli\cli_project\x64\debug\clr_console_app.exe
c:\users\ponni\source\repos\e_cpp_practice\cli\cli_project\x64\debug\clr_console_app.pdb
c:\users\ponni\source\repos\e_cpp_practice\cli\cli_project\clr_console_app\x64\debug\app.res
c:\users\ponni\source\repos\e_cpp_practice\cli\cli_project\clr_console_app\x64\debug\clr_console_app.tlog\cl.command.1.tlog
c:\users\ponni\source\repos\e_cpp_practice\cli\cli_project\clr_console_app\x64\debug\clr_console_app.tlog\cl.read.1.tlog
c:\users\ponni\source\repos\e_cpp_practice\cli\cli_project\clr_console_app\x64\debug\clr_console_app.tlog\cl.write.1.tlog
c:\users\ponni\source\repos\e_cpp_practice\cli\cli_project\clr_console_app\x64\debug\clr_console_app.tlog\link.command.1.tlog
c:\users\ponni\source\repos\e_cpp_practice\cli\cli_project\clr_console_app\x64\debug\clr_console_app.tlog\link.read.1.tlog
c:\users\ponni\source\repos\e_cpp_practice\cli\cli_project\clr_console_app\x64\debug\clr_console_app.tlog\link.write.1.tlog
c:\users\ponni\source\repos\e_cpp_practice\cli\cli_project\clr_console_app\x64\debug\clr_console_app.tlog\metagen.read.1.tlog
c:\users\ponni\source\repos\e_cpp_practice\cli\cli_project\clr_console_app\x64\debug\clr_console_app.tlog\metagen.write.1.tlog
c:\users\ponni\source\repos\e_cpp_practice\cli\cli_project\clr_console_app\x64\debug\clr_console_app.tlog\rc.command.1.tlog
c:\users\ponni\source\repos\e_cpp_practice\cli\cli_project\clr_console_app\x64\debug\clr_console_app.tlog\rc.read.1.tlog
c:\users\ponni\source\repos\e_cpp_practice\cli\cli_project\clr_console_app\x64\debug\clr_console_app.tlog\rc.write.1.tlog
